#
# A fatal error has been detected by the Java Runtime Environment:
#
#  EXCEPTION_ACCESS_VIOLATION (0xc0000005) at pc=0x00007ffb1d495387, pid=16172, tid=22944
#
# JRE version: Java(TM) SE Runtime Environment (18.0.2.1+1) (build 18.0.2.1+1-1)
# Java VM: Java HotSpot(TM) 64-Bit Server VM (18.0.2.1+1-1, mixed mode, sharing, tiered, compressed oops, compressed class ptrs, g1 gc, windows-amd64)
# Problematic frame:
# C  [igxelpicd64.dll+0x15387]
#
# No core dump will be written. Minidumps are not enabled by default on client versions of Windows
#
# If you would like to submit a bug report, please visit:
#   https://bugreport.java.com/bugreport/crash.jsp
# The crash happened outside the Java Virtual Machine in native code.
# See problematic frame for where to report the bug.
#

---------------  S U M M A R Y ------------

Command Line: -Dfile.encoding=windows-1252 -Duser.country=US -Duser.language=en -Duser.variant com.jkachele.font.Main

Host: 12th Gen Intel(R) Core(TM) i7-12700H, 20 cores, 15G,  Windows 11 , 64 bit Build 22621 (10.0.22621.608)
Time: Wed Nov  9 14:51:23 2022 Eastern Standard Time elapsed time: 1.626387 seconds (0d 0h 0m 1s)

---------------  T H R E A D  ---------------

Current thread (0x0000023a20557490):  JavaThread "GAME_LOOP_THREAD" [_thread_in_native, id=22944, stack(0x000000d79b200000,0x000000d79b300000)]

Stack: [0x000000d79b200000,0x000000d79b300000],  sp=0x000000d79b2fe3d0,  free space=1016k
Native frames: (J=compiled Java code, j=interpreted, Vv=VM code, C=native code)
C  [igxelpicd64.dll+0x15387]

Java frames: (J=compiled Java code, j=interpreted, Vv=VM code)
j  org.lwjgl.opengl.GL11C.nglTexImage2D(IIIIIIIIJ)V+0
j  org.lwjgl.opengl.GL11C.glTexImage2D(IIIIIIIILjava/nio/ByteBuffer;)V+17
j  org.lwjgl.opengl.GL11.glTexImage2D(IIIIIIIILjava/nio/ByteBuffer;)V+14
j  com.jkachele.font.fonts.GameFont.uploadTexture(Ljava/awt/image/BufferedImage;)V+225
j  com.jkachele.font.fonts.GameFont.generateBitmap()V+401
j  com.jkachele.font.fonts.GameFont.<init>(Ljava/lang/String;I)V+26
j  com.jkachele.font.render.Scene.init()V+8
j  com.jkachele.font.render.Engine.gameLoop()V+0
j  com.jkachele.font.render.Engine.run()V+4
j  java.lang.Thread.run()V+11 java.base@18.0.2.1
v  ~StubRoutines::call_stub

siginfo: EXCEPTION_ACCESS_VIOLATION (0xc0000005), reading address 0x0000023a2d7ad000


Register to memory mapping:

RIP=0x00007ffb1d495387 igxelpicd64.dll
RAX=0x000000000000000a is an unknown value
RBX=0x000000d79b2fe490 is pointing into the stack for thread: 0x0000023a20557490
RCX=0x0000000000000088 is an unknown value
RDX=0x0000023a2d7acff0 points into unknown readable memory: 0x0000000000000000 | 00 00 00 00 00 00 00 00
RSP=0x000000d79b2fe3d0 is pointing into the stack for thread: 0x0000023a20557490
RBP=0x0000000000000771 is an unknown value
RSI=0x0000023a2d7acaf0 points into unknown readable memory: 0x0000000000000000 | 00 00 00 00 00 00 00 00
RDI=0x0000023a2f8b0500 points into unknown readable memory: 0x0000000000000000 | 00 00 00 00 00 00 00 00
R8 =0x0000000000004418 is an unknown value
R9 =0x000000000000000b is an unknown value
R10=0x0 is NULL
R11=0x0000000000004418 is an unknown value
R12=0x00007ffb1e449b60 igxelpicd64.dll
R13=0x0000000000000001 is an unknown value
R14=0x000000d79b2fe610 is pointing into the stack for thread: 0x0000023a20557490
R15=0x0000000000000049 is an unknown value


Registers:
RAX=0x000000000000000a, RBX=0x000000d79b2fe490, RCX=0x0000000000000088, RDX=0x0000023a2d7acff0
RSP=0x000000d79b2fe3d0, RBP=0x0000000000000771, RSI=0x0000023a2d7acaf0, RDI=0x0000023a2f8b0500
R8 =0x0000000000004418, R9 =0x000000000000000b, R10=0x0000000000000000, R11=0x0000000000004418
R12=0x00007ffb1e449b60, R13=0x0000000000000001, R14=0x000000d79b2fe610, R15=0x0000000000000049
RIP=0x00007ffb1d495387, EFLAGS=0x0000000000010203

Top of Stack: (sp=0x000000d79b2fe3d0)
0x000000d79b2fe3d0:   0000000712f16fe0 0000000000000000
0x000000d79b2fe3e0:   0000000000000772 0000000000000000
0x000000d79b2fe3f0:   0000023a2f8b0000 00007ffb1d4f8bc2
0x000000d79b2fe400:   0000023a2a75be60 0000000000000002
0x000000d79b2fe410:   000000d79b2fe610 0000000000000001
0x000000d79b2fe420:   000000d79b2fe610 00007ffb1d4f6821
0x000000d79b2fe430:   0000023a2f8b0000 000000d79b2fe530
0x000000d79b2fe440:   0000000000000000 0000000000004440
0x000000d79b2fe450:   4000290040000049 0000000000000001
0x000000d79b2fe460:   0000023a2d7acaf0 0000000000000000
0x000000d79b2fe470:   0000023a20a500c0 0000000000000000
0x000000d79b2fe480:   0000000000000002 0000023a20cbd408
0x000000d79b2fe490:   00007ffb1dff33f8 0000023a20a500c0
0x000000d79b2fe4a0:   0000077200001106 0000004900000000
0x000000d79b2fe4b0:   0000441800000004 0000023a2d7acaf0
0x000000d79b2fe4c0:   000000049b2f0049 0000023a00004440 

Instructions: (pc=0x00007ffb1d495387)
0x00007ffb1d495287:   76 0d 48 85 d2 74 08 45 8b c0 e8 0a 00 00 00 48
0x00007ffb1d495297:   83 c4 28 c3 cc cc cc cc cc 40 57 48 83 ec 20 45
0x00007ffb1d4952a7:   33 d2 48 8b f9 49 83 f8 10 0f 82 ae 00 00 00 83
0x00007ffb1d4952b7:   e1 0f 0f 85 df 01 00 00 8b c1 45 8b ca 4c 2b c0
0x00007ffb1d4952c7:   0f 29 74 24 10 49 8b c8 0f 29 3c 24 48 c1 e9 07
0x00007ffb1d4952d7:   f6 c2 0f 0f 84 94 00 00 00 48 85 c9 74 6c 66 66
0x00007ffb1d4952e7:   66 0f 1f 84 00 00 00 00 00 f3 0f 6f 02 41 ff c1
0x00007ffb1d4952f7:   f3 0f 6f 4a 10 41 8b c1 f3 0f 6f 52 20 f3 0f 6f
0x00007ffb1d495307:   5a 30 f3 0f 6f 62 40 f3 0f 6f 6a 50 f3 0f 6f 72
0x00007ffb1d495317:   60 f3 0f 6f 7a 70 66 0f e7 07 66 0f e7 4f 10 66
0x00007ffb1d495327:   0f e7 57 20 66 0f e7 5f 30 66 0f e7 67 40 66 0f
0x00007ffb1d495337:   e7 6f 50 66 0f e7 77 60 66 0f e7 7f 70 48 83 ef
0x00007ffb1d495347:   80 48 83 ea 80 48 3b c1 72 9f 41 83 e0 7f 0f 85
0x00007ffb1d495357:   0e 01 00 00 0f 28 74 24 10 0f 28 3c 24 41 83 e0
0x00007ffb1d495367:   0f 0f 85 b0 00 00 00 48 83 c4 20 5f c3 48 85 c9
0x00007ffb1d495377:   74 68 0f 1f 80 00 00 00 00 f3 0f 6f 02 41 ff c1
0x00007ffb1d495387:   f3 0f 6f 4a 10 f3 0f 6f 52 20 f3 0f 6f 5a 30 f3
0x00007ffb1d495397:   0f 6f 62 40 f3 0f 6f 6a 50 f3 0f 6f 72 60 f3 0f
0x00007ffb1d4953a7:   6f 7a 70 48 83 ea 80 66 0f e7 07 66 0f e7 4f 10
0x00007ffb1d4953b7:   66 0f e7 57 20 66 0f e7 5f 30 66 0f e7 67 40 66
0x00007ffb1d4953c7:   0f e7 6f 50 66 0f e7 77 60 66 0f e7 7f 70 48 83
0x00007ffb1d4953d7:   ef 80 41 8b c1 48 3b c1 72 9f 41 83 e0 7f 0f 84
0x00007ffb1d4953e7:   70 ff ff ff 45 8b c8 41 8b ca 49 c1 e9 04 4d 85
0x00007ffb1d4953f7:   c9 0f 84 5d ff ff ff 66 90 f3 0f 6f 02 ff c1 66
0x00007ffb1d495407:   0f e7 07 48 83 c7 10 8b c1 48 83 c2 10 49 3b c1
0x00007ffb1d495417:   72 e7 e9 3d ff ff ff 4d 8b c8 41 8b ca 49 c1 e9
0x00007ffb1d495427:   02 4d 85 c9 74 15 8b 02 ff c1 89 07 48 83 c2 04
0x00007ffb1d495437:   48 83 c7 04 8b c1 49 3b c1 72 eb 41 83 e0 03 0f
0x00007ffb1d495447:   86 22 ff ff ff 48 2b d7 0f b6 04 3a 41 ff c2 88
0x00007ffb1d495457:   07 48 8d 7f 01 41 8b c2 49 3b c0 72 eb e9 05 ff
0x00007ffb1d495467:   ff ff 4d 8b c8 41 8b ca 49 c1 e9 04 4d 85 c9 0f
0x00007ffb1d495477:   84 df fe ff ff 0f 1f 40 00 f3 0f 6f 02 ff c1 48 


Stack slot to memory mapping:
stack at sp + 0 slots: 0x0000000712f16fe0 is an oop: java.nio.DirectByteBuffer 
{0x0000000712f16fe0} - klass: 'java/nio/DirectByteBuffer'
 - ---- fields (total size 8 words):
 - private 'mark' 'I' @12  -1 (ffffffff)
 - 'address' 'J' @16  2448861155392 (2b7fd040 23a)
 - private 'position' 'I' @24  33225392 (1fafab0)
 - private 'limit' 'I' @28  33225392 (1fafab0)
 - private 'capacity' 'I' @32  33225392 (1fafab0)
 - final 'segment' 'Ljdk/internal/access/foreign/MemorySegmentProxy;' @36  NULL (0)
 - final 'offset' 'I' @40  0
 - 'isReadOnly' 'Z' @44  false
 - 'bigEndian' 'Z' @45  false
 - 'nativeByteOrder' 'Z' @46  true
 - final 'hb' '[B' @48  NULL (0)
 - private final 'isSync' 'Z' @47  false
 - private final 'fd' 'Ljava/io/FileDescriptor;' @52  NULL (0)
 - private final 'att' 'Ljava/lang/Object;' @56  NULL (0)
 - private final 'cleaner' 'Ljdk/internal/ref/Cleaner;' @60  a 'jdk/internal/ref/Cleaner'{0x0000000712f17040} (e25e2e08)
stack at sp + 1 slots: 0x0 is NULL
stack at sp + 2 slots: 0x0000000000000772 is an unknown value
stack at sp + 3 slots: 0x0 is NULL
stack at sp + 4 slots: 0x0000023a2f8b0000 points into unknown readable memory: 0x0000000000000000 | 00 00 00 00 00 00 00 00
stack at sp + 5 slots: 0x00007ffb1d4f8bc2 igxelpicd64.dll
stack at sp + 6 slots: 0x0000023a2a75be60 points into unknown readable memory: 0x0000023a209b6340 | 40 63 9b 20 3a 02 00 00
stack at sp + 7 slots: 0x0000000000000002 is an unknown value


---------------  P R O C E S S  ---------------

Threads class SMR info:
_java_thread_list=0x0000023a2a113210, length=18, elements={
0x0000023a191c1910, 0x0000023a191c21c0, 0x0000023a191ddeb0, 0x0000023a191de760,
0x0000023a191df010, 0x0000023a191df8c0, 0x0000023a191ea4c0, 0x0000023a204215e0,
0x0000023a191fb590, 0x0000023a20544f30, 0x0000023a20547850, 0x0000023a2054c180,
0x0000023a20555700, 0x0000023a20557490, 0x0000023a784ef1f0, 0x0000023a20f54d10,
0x0000023a20f96930, 0x0000023a298ca450
}

Java Threads: ( => current thread )
  0x0000023a191c1910 JavaThread "Reference Handler" daemon [_thread_blocked, id=19980, stack(0x000000d79a400000,0x000000d79a500000)]
  0x0000023a191c21c0 JavaThread "Finalizer" daemon [_thread_blocked, id=4520, stack(0x000000d79a500000,0x000000d79a600000)]
  0x0000023a191ddeb0 JavaThread "Signal Dispatcher" daemon [_thread_blocked, id=24120, stack(0x000000d79a600000,0x000000d79a700000)]
  0x0000023a191de760 JavaThread "Attach Listener" daemon [_thread_blocked, id=12588, stack(0x000000d79a700000,0x000000d79a800000)]
  0x0000023a191df010 JavaThread "Service Thread" daemon [_thread_blocked, id=2500, stack(0x000000d79a800000,0x000000d79a900000)]
  0x0000023a191df8c0 JavaThread "Monitor Deflation Thread" daemon [_thread_blocked, id=23944, stack(0x000000d79a900000,0x000000d79aa00000)]
  0x0000023a191ea4c0 JavaThread "C2 CompilerThread0" daemon [_thread_blocked, id=9200, stack(0x000000d79aa00000,0x000000d79ab00000)]
  0x0000023a204215e0 JavaThread "C1 CompilerThread0" daemon [_thread_blocked, id=7184, stack(0x000000d79ab00000,0x000000d79ac00000)]
  0x0000023a191fb590 JavaThread "Sweeper thread" daemon [_thread_blocked, id=18908, stack(0x000000d79ac00000,0x000000d79ad00000)]
  0x0000023a20544f30 JavaThread "C1 CompilerThread1" daemon [_thread_blocked, id=7196, stack(0x000000d79ad00000,0x000000d79ae00000)]
  0x0000023a20547850 JavaThread "C1 CompilerThread2" daemon [_thread_blocked, id=2972, stack(0x000000d79ae00000,0x000000d79af00000)]
  0x0000023a2054c180 JavaThread "Notification Thread" daemon [_thread_blocked, id=16592, stack(0x000000d79af00000,0x000000d79b000000)]
  0x0000023a20555700 JavaThread "Common-Cleaner" daemon [_thread_blocked, id=13188, stack(0x000000d79b100000,0x000000d79b200000)]
=>0x0000023a20557490 JavaThread "GAME_LOOP_THREAD" [_thread_in_native, id=22944, stack(0x000000d79b200000,0x000000d79b300000)]
  0x0000023a784ef1f0 JavaThread "DestroyJavaVM" [_thread_blocked, id=23336, stack(0x000000d799d00000,0x000000d799e00000)]
  0x0000023a20f54d10 JavaThread "C1 CompilerThread3" daemon [_thread_blocked, id=20676, stack(0x000000d79b900000,0x000000d79ba00000)]
  0x0000023a20f96930 JavaThread "Java2D Disposer" daemon [_thread_blocked, id=24364, stack(0x000000d79bb00000,0x000000d79bc00000)]
  0x0000023a298ca450 JavaThread "AWT-Windows" daemon [_thread_in_native, id=10792, stack(0x000000d79bd00000,0x000000d79be00000)]

Other Threads:
  0x0000023a191bdd90 VMThread "VM Thread" [stack: 0x000000d79a300000,0x000000d79a400000] [id=9248]
  0x0000023a2054d470 WatcherThread "VM Periodic Task Thread" [stack: 0x000000d79b000000,0x000000d79b100000] [id=13284]
  0x0000023a78560970 WorkerThread "GC Thread#0" [stack: 0x000000d799e00000,0x000000d799f00000] [id=8892]
  0x0000023a7856d5a0 ConcurrentGCThread "G1 Main Marker" [stack: 0x000000d799f00000,0x000000d79a000000] [id=19060]
  0x0000023a190427b0 WorkerThread "G1 Conc#0" [stack: 0x000000d79a000000,0x000000d79a100000] [id=13820]
  0x0000023a785ae8f0 ConcurrentGCThread "G1 Refine#0" [stack: 0x000000d79a100000,0x000000d79a200000] [id=3512]
  0x0000023a190744b0 ConcurrentGCThread "G1 Service" [stack: 0x000000d79a200000,0x000000d79a300000] [id=7996]

Threads with active compile tasks:

VM state: not at safepoint (normal execution)

VM Mutex/Monitor currently owned by a thread: None

Heap address: 0x0000000704800000, size: 4024 MB, Compressed Oops mode: Zero based, Oop shift amount: 3

CDS archive(s) mapped at: [0x0000000800000000-0x0000000800ba0000-0x0000000800ba0000), size 12189696, SharedBaseAddress: 0x0000000800000000, ArchiveRelocationMode: 0.
Compressed class space mapped at: 0x0000000800c00000-0x0000000840c00000, reserved size: 1073741824
Narrow klass base: 0x0000000800000000, Narrow klass shift: 0, Narrow klass range: 0x100000000

GC Precious Log:
 CardTable entry size: 512
 Card Set container configuration: InlinePtr #cards 4 size 8 Array Of Cards #cards 16 size 48 Howl #buckets 8 coarsen threshold 3686 Howl Bitmap #cards 512 size 80 coarsen threshold 460 Card regions per heap region 1 cards per card region 4096
 CPUs: 20 total, 20 available
 Memory: 16095M
 Large Page Support: Disabled
 NUMA Support: Disabled
 Compressed Oops: Enabled (Zero based)
 Heap Region Size: 2M
 Heap Min Capacity: 8M
 Heap Initial Capacity: 252M
 Heap Max Capacity: 4024M
 Pre-touch: Disabled
 Parallel Workers: 15
 Concurrent Workers: 4
 Concurrent Refinement Workers: 15
 Periodic GC: Disabled

Heap:
 garbage-first heap   total 258048K, used 86016K [0x0000000704800000, 0x0000000800000000)
  region size 2048K, 11 young (22528K), 0 survivors (0K)
 Metaspace       used 6800K, committed 7040K, reserved 1114112K
  class space    used 476K, committed 576K, reserved 1048576K

Heap Regions: E=young(eden), S=young(survivor), O=old, HS=humongous(starts), HC=humongous(continues), CS=collection set, F=free, OA=open archive, CA=closed archive, TAMS=top-at-mark-start (previous, next)
|   0|0x0000000704800000, 0x0000000704a00000, 0x0000000704a00000|100%|HS|  |TAMS 0x0000000704800000, 0x0000000704800000| Complete 
|   1|0x0000000704a00000, 0x0000000704c00000, 0x0000000704c00000|100%|HC|  |TAMS 0x0000000704a00000, 0x0000000704a00000| Complete 
|   2|0x0000000704c00000, 0x0000000704e00000, 0x0000000704e00000|100%|HC|  |TAMS 0x0000000704c00000, 0x0000000704c00000| Complete 
|   3|0x0000000704e00000, 0x0000000705000000, 0x0000000705000000|100%|HC|  |TAMS 0x0000000704e00000, 0x0000000704e00000| Complete 
|   4|0x0000000705000000, 0x0000000705200000, 0x0000000705200000|100%|HC|  |TAMS 0x0000000705000000, 0x0000000705000000| Complete 
|   5|0x0000000705200000, 0x0000000705400000, 0x0000000705400000|100%|HC|  |TAMS 0x0000000705200000, 0x0000000705200000| Complete 
|   6|0x0000000705400000, 0x0000000705600000, 0x0000000705600000|100%|HC|  |TAMS 0x0000000705400000, 0x0000000705400000| Complete 
|   7|0x0000000705600000, 0x0000000705800000, 0x0000000705800000|100%|HC|  |TAMS 0x0000000705600000, 0x0000000705600000| Complete 
|   8|0x0000000705800000, 0x0000000705a00000, 0x0000000705a00000|100%|HC|  |TAMS 0x0000000705800000, 0x0000000705800000| Complete 
|   9|0x0000000705a00000, 0x0000000705c00000, 0x0000000705c00000|100%|HC|  |TAMS 0x0000000705a00000, 0x0000000705a00000| Complete 
|  10|0x0000000705c00000, 0x0000000705e00000, 0x0000000705e00000|100%|HC|  |TAMS 0x0000000705c00000, 0x0000000705c00000| Complete 
|  11|0x0000000705e00000, 0x0000000706000000, 0x0000000706000000|100%|HC|  |TAMS 0x0000000705e00000, 0x0000000705e00000| Complete 
|  12|0x0000000706000000, 0x0000000706200000, 0x0000000706200000|100%|HC|  |TAMS 0x0000000706000000, 0x0000000706000000| Complete 
|  13|0x0000000706200000, 0x0000000706400000, 0x0000000706400000|100%|HC|  |TAMS 0x0000000706200000, 0x0000000706200000| Complete 
|  14|0x0000000706400000, 0x0000000706600000, 0x0000000706600000|100%|HC|  |TAMS 0x0000000706400000, 0x0000000706400000| Complete 
|  15|0x0000000706600000, 0x0000000706800000, 0x0000000706800000|100%|HC|  |TAMS 0x0000000706600000, 0x0000000706600000| Complete 
|  16|0x0000000706800000, 0x0000000706a00000, 0x0000000706a00000|100%|HS|  |TAMS 0x0000000706800000, 0x0000000706800000| Complete 
|  17|0x0000000706a00000, 0x0000000706c00000, 0x0000000706c00000|100%|HC|  |TAMS 0x0000000706a00000, 0x0000000706a00000| Complete 
|  18|0x0000000706c00000, 0x0000000706e00000, 0x0000000706e00000|100%|HC|  |TAMS 0x0000000706c00000, 0x0000000706c00000| Complete 
|  19|0x0000000706e00000, 0x0000000707000000, 0x0000000707000000|100%|HC|  |TAMS 0x0000000706e00000, 0x0000000706e00000| Complete 
|  20|0x0000000707000000, 0x0000000707200000, 0x0000000707200000|100%|HC|  |TAMS 0x0000000707000000, 0x0000000707000000| Complete 
|  21|0x0000000707200000, 0x0000000707400000, 0x0000000707400000|100%|HC|  |TAMS 0x0000000707200000, 0x0000000707200000| Complete 
|  22|0x0000000707400000, 0x0000000707600000, 0x0000000707600000|100%|HC|  |TAMS 0x0000000707400000, 0x0000000707400000| Complete 
|  23|0x0000000707600000, 0x0000000707800000, 0x0000000707800000|100%|HC|  |TAMS 0x0000000707600000, 0x0000000707600000| Complete 
|  24|0x0000000707800000, 0x0000000707a00000, 0x0000000707a00000|100%|HC|  |TAMS 0x0000000707800000, 0x0000000707800000| Complete 
|  25|0x0000000707a00000, 0x0000000707c00000, 0x0000000707c00000|100%|HC|  |TAMS 0x0000000707a00000, 0x0000000707a00000| Complete 
|  26|0x0000000707c00000, 0x0000000707e00000, 0x0000000707e00000|100%|HC|  |TAMS 0x0000000707c00000, 0x0000000707c00000| Complete 
|  27|0x0000000707e00000, 0x0000000708000000, 0x0000000708000000|100%|HC|  |TAMS 0x0000000707e00000, 0x0000000707e00000| Complete 
|  28|0x0000000708000000, 0x0000000708200000, 0x0000000708200000|100%|HC|  |TAMS 0x0000000708000000, 0x0000000708000000| Complete 
|  29|0x0000000708200000, 0x0000000708400000, 0x0000000708400000|100%|HC|  |TAMS 0x0000000708200000, 0x0000000708200000| Complete 
|  30|0x0000000708400000, 0x0000000708600000, 0x0000000708600000|100%|HC|  |TAMS 0x0000000708400000, 0x0000000708400000| Complete 
|  31|0x0000000708600000, 0x0000000708800000, 0x0000000708800000|100%|HC|  |TAMS 0x0000000708600000, 0x0000000708600000| Complete 
|  32|0x0000000708800000, 0x0000000708800000, 0x0000000708a00000|  0%| F|  |TAMS 0x0000000708800000, 0x0000000708800000| Untracked 
|  33|0x0000000708a00000, 0x0000000708a00000, 0x0000000708c00000|  0%| F|  |TAMS 0x0000000708a00000, 0x0000000708a00000| Untracked 
|  34|0x0000000708c00000, 0x0000000708c00000, 0x0000000708e00000|  0%| F|  |TAMS 0x0000000708c00000, 0x0000000708c00000| Untracked 
|  35|0x0000000708e00000, 0x0000000708e00000, 0x0000000709000000|  0%| F|  |TAMS 0x0000000708e00000, 0x0000000708e00000| Untracked 
|  36|0x0000000709000000, 0x0000000709000000, 0x0000000709200000|  0%| F|  |TAMS 0x0000000709000000, 0x0000000709000000| Untracked 
|  37|0x0000000709200000, 0x0000000709200000, 0x0000000709400000|  0%| F|  |TAMS 0x0000000709200000, 0x0000000709200000| Untracked 
|  38|0x0000000709400000, 0x0000000709400000, 0x0000000709600000|  0%| F|  |TAMS 0x0000000709400000, 0x0000000709400000| Untracked 
|  39|0x0000000709600000, 0x0000000709600000, 0x0000000709800000|  0%| F|  |TAMS 0x0000000709600000, 0x0000000709600000| Untracked 
|  40|0x0000000709800000, 0x0000000709800000, 0x0000000709a00000|  0%| F|  |TAMS 0x0000000709800000, 0x0000000709800000| Untracked 
|  41|0x0000000709a00000, 0x0000000709a00000, 0x0000000709c00000|  0%| F|  |TAMS 0x0000000709a00000, 0x0000000709a00000| Untracked 
|  42|0x0000000709c00000, 0x0000000709c00000, 0x0000000709e00000|  0%| F|  |TAMS 0x0000000709c00000, 0x0000000709c00000| Untracked 
|  43|0x0000000709e00000, 0x0000000709e00000, 0x000000070a000000|  0%| F|  |TAMS 0x0000000709e00000, 0x0000000709e00000| Untracked 
|  44|0x000000070a000000, 0x000000070a000000, 0x000000070a200000|  0%| F|  |TAMS 0x000000070a000000, 0x000000070a000000| Untracked 
|  45|0x000000070a200000, 0x000000070a200000, 0x000000070a400000|  0%| F|  |TAMS 0x000000070a200000, 0x000000070a200000| Untracked 
|  46|0x000000070a400000, 0x000000070a400000, 0x000000070a600000|  0%| F|  |TAMS 0x000000070a400000, 0x000000070a400000| Untracked 
|  47|0x000000070a600000, 0x000000070a600000, 0x000000070a800000|  0%| F|  |TAMS 0x000000070a600000, 0x000000070a600000| Untracked 
|  48|0x000000070a800000, 0x000000070a800000, 0x000000070aa00000|  0%| F|  |TAMS 0x000000070a800000, 0x000000070a800000| Untracked 
|  49|0x000000070aa00000, 0x000000070aa00000, 0x000000070ac00000|  0%| F|  |TAMS 0x000000070aa00000, 0x000000070aa00000| Untracked 
|  50|0x000000070ac00000, 0x000000070ac00000, 0x000000070ae00000|  0%| F|  |TAMS 0x000000070ac00000, 0x000000070ac00000| Untracked 
|  51|0x000000070ae00000, 0x000000070ae00000, 0x000000070b000000|  0%| F|  |TAMS 0x000000070ae00000, 0x000000070ae00000| Untracked 
|  52|0x000000070b000000, 0x000000070b000000, 0x000000070b200000|  0%| F|  |TAMS 0x000000070b000000, 0x000000070b000000| Untracked 
|  53|0x000000070b200000, 0x000000070b200000, 0x000000070b400000|  0%| F|  |TAMS 0x000000070b200000, 0x000000070b200000| Untracked 
|  54|0x000000070b400000, 0x000000070b400000, 0x000000070b600000|  0%| F|  |TAMS 0x000000070b400000, 0x000000070b400000| Untracked 
|  55|0x000000070b600000, 0x000000070b600000, 0x000000070b800000|  0%| F|  |TAMS 0x000000070b600000, 0x000000070b600000| Untracked 
|  56|0x000000070b800000, 0x000000070b800000, 0x000000070ba00000|  0%| F|  |TAMS 0x000000070b800000, 0x000000070b800000| Untracked 
|  57|0x000000070ba00000, 0x000000070ba00000, 0x000000070bc00000|  0%| F|  |TAMS 0x000000070ba00000, 0x000000070ba00000| Untracked 
|  58|0x000000070bc00000, 0x000000070bc00000, 0x000000070be00000|  0%| F|  |TAMS 0x000000070bc00000, 0x000000070bc00000| Untracked 
|  59|0x000000070be00000, 0x000000070be00000, 0x000000070c000000|  0%| F|  |TAMS 0x000000070be00000, 0x000000070be00000| Untracked 
|  60|0x000000070c000000, 0x000000070c000000, 0x000000070c200000|  0%| F|  |TAMS 0x000000070c000000, 0x000000070c000000| Untracked 
|  61|0x000000070c200000, 0x000000070c200000, 0x000000070c400000|  0%| F|  |TAMS 0x000000070c200000, 0x000000070c200000| Untracked 
|  62|0x000000070c400000, 0x000000070c400000, 0x000000070c600000|  0%| F|  |TAMS 0x000000070c400000, 0x000000070c400000| Untracked 
|  63|0x000000070c600000, 0x000000070c600000, 0x000000070c800000|  0%| F|  |TAMS 0x000000070c600000, 0x000000070c600000| Untracked 
|  64|0x000000070c800000, 0x000000070c800000, 0x000000070ca00000|  0%| F|  |TAMS 0x000000070c800000, 0x000000070c800000| Untracked 
|  65|0x000000070ca00000, 0x000000070ca00000, 0x000000070cc00000|  0%| F|  |TAMS 0x000000070ca00000, 0x000000070ca00000| Untracked 
|  66|0x000000070cc00000, 0x000000070cc00000, 0x000000070ce00000|  0%| F|  |TAMS 0x000000070cc00000, 0x000000070cc00000| Untracked 
|  67|0x000000070ce00000, 0x000000070ce00000, 0x000000070d000000|  0%| F|  |TAMS 0x000000070ce00000, 0x000000070ce00000| Untracked 
|  68|0x000000070d000000, 0x000000070d000000, 0x000000070d200000|  0%| F|  |TAMS 0x000000070d000000, 0x000000070d000000| Untracked 
|  69|0x000000070d200000, 0x000000070d200000, 0x000000070d400000|  0%| F|  |TAMS 0x000000070d200000, 0x000000070d200000| Untracked 
|  70|0x000000070d400000, 0x000000070d400000, 0x000000070d600000|  0%| F|  |TAMS 0x000000070d400000, 0x000000070d400000| Untracked 
|  71|0x000000070d600000, 0x000000070d600000, 0x000000070d800000|  0%| F|  |TAMS 0x000000070d600000, 0x000000070d600000| Untracked 
|  72|0x000000070d800000, 0x000000070d800000, 0x000000070da00000|  0%| F|  |TAMS 0x000000070d800000, 0x000000070d800000| Untracked 
|  73|0x000000070da00000, 0x000000070da00000, 0x000000070dc00000|  0%| F|  |TAMS 0x000000070da00000, 0x000000070da00000| Untracked 
|  74|0x000000070dc00000, 0x000000070dc00000, 0x000000070de00000|  0%| F|  |TAMS 0x000000070dc00000, 0x000000070dc00000| Untracked 
|  75|0x000000070de00000, 0x000000070de00000, 0x000000070e000000|  0%| F|  |TAMS 0x000000070de00000, 0x000000070de00000| Untracked 
|  76|0x000000070e000000, 0x000000070e000000, 0x000000070e200000|  0%| F|  |TAMS 0x000000070e000000, 0x000000070e000000| Untracked 
|  77|0x000000070e200000, 0x000000070e200000, 0x000000070e400000|  0%| F|  |TAMS 0x000000070e200000, 0x000000070e200000| Untracked 
|  78|0x000000070e400000, 0x000000070e400000, 0x000000070e600000|  0%| F|  |TAMS 0x000000070e400000, 0x000000070e400000| Untracked 
|  79|0x000000070e600000, 0x000000070e600000, 0x000000070e800000|  0%| F|  |TAMS 0x000000070e600000, 0x000000070e600000| Untracked 
|  80|0x000000070e800000, 0x000000070e800000, 0x000000070ea00000|  0%| F|  |TAMS 0x000000070e800000, 0x000000070e800000| Untracked 
|  81|0x000000070ea00000, 0x000000070ea00000, 0x000000070ec00000|  0%| F|  |TAMS 0x000000070ea00000, 0x000000070ea00000| Untracked 
|  82|0x000000070ec00000, 0x000000070ec00000, 0x000000070ee00000|  0%| F|  |TAMS 0x000000070ec00000, 0x000000070ec00000| Untracked 
|  83|0x000000070ee00000, 0x000000070ee00000, 0x000000070f000000|  0%| F|  |TAMS 0x000000070ee00000, 0x000000070ee00000| Untracked 
|  84|0x000000070f000000, 0x000000070f000000, 0x000000070f200000|  0%| F|  |TAMS 0x000000070f000000, 0x000000070f000000| Untracked 
|  85|0x000000070f200000, 0x000000070f200000, 0x000000070f400000|  0%| F|  |TAMS 0x000000070f200000, 0x000000070f200000| Untracked 
|  86|0x000000070f400000, 0x000000070f400000, 0x000000070f600000|  0%| F|  |TAMS 0x000000070f400000, 0x000000070f400000| Untracked 
|  87|0x000000070f600000, 0x000000070f600000, 0x000000070f800000|  0%| F|  |TAMS 0x000000070f600000, 0x000000070f600000| Untracked 
|  88|0x000000070f800000, 0x000000070f800000, 0x000000070fa00000|  0%| F|  |TAMS 0x000000070f800000, 0x000000070f800000| Untracked 
|  89|0x000000070fa00000, 0x000000070fa00000, 0x000000070fc00000|  0%| F|  |TAMS 0x000000070fa00000, 0x000000070fa00000| Untracked 
|  90|0x000000070fc00000, 0x000000070fc00000, 0x000000070fe00000|  0%| F|  |TAMS 0x000000070fc00000, 0x000000070fc00000| Untracked 
|  91|0x000000070fe00000, 0x000000070fe00000, 0x0000000710000000|  0%| F|  |TAMS 0x000000070fe00000, 0x000000070fe00000| Untracked 
|  92|0x0000000710000000, 0x0000000710000000, 0x0000000710200000|  0%| F|  |TAMS 0x0000000710000000, 0x0000000710000000| Untracked 
|  93|0x0000000710200000, 0x0000000710200000, 0x0000000710400000|  0%| F|  |TAMS 0x0000000710200000, 0x0000000710200000| Untracked 
|  94|0x0000000710400000, 0x0000000710400000, 0x0000000710600000|  0%| F|  |TAMS 0x0000000710400000, 0x0000000710400000| Untracked 
|  95|0x0000000710600000, 0x0000000710600000, 0x0000000710800000|  0%| F|  |TAMS 0x0000000710600000, 0x0000000710600000| Untracked 
|  96|0x0000000710800000, 0x0000000710800000, 0x0000000710a00000|  0%| F|  |TAMS 0x0000000710800000, 0x0000000710800000| Untracked 
|  97|0x0000000710a00000, 0x0000000710a00000, 0x0000000710c00000|  0%| F|  |TAMS 0x0000000710a00000, 0x0000000710a00000| Untracked 
|  98|0x0000000710c00000, 0x0000000710c00000, 0x0000000710e00000|  0%| F|  |TAMS 0x0000000710c00000, 0x0000000710c00000| Untracked 
|  99|0x0000000710e00000, 0x0000000710e00000, 0x0000000711000000|  0%| F|  |TAMS 0x0000000710e00000, 0x0000000710e00000| Untracked 
| 100|0x0000000711000000, 0x0000000711000000, 0x0000000711200000|  0%| F|  |TAMS 0x0000000711000000, 0x0000000711000000| Untracked 
| 101|0x0000000711200000, 0x0000000711200000, 0x0000000711400000|  0%| F|  |TAMS 0x0000000711200000, 0x0000000711200000| Untracked 
| 102|0x0000000711400000, 0x0000000711400000, 0x0000000711600000|  0%| F|  |TAMS 0x0000000711400000, 0x0000000711400000| Untracked 
| 103|0x0000000711600000, 0x0000000711600000, 0x0000000711800000|  0%| F|  |TAMS 0x0000000711600000, 0x0000000711600000| Untracked 
| 104|0x0000000711800000, 0x0000000711800000, 0x0000000711a00000|  0%| F|  |TAMS 0x0000000711800000, 0x0000000711800000| Untracked 
| 105|0x0000000711a00000, 0x0000000711a00000, 0x0000000711c00000|  0%| F|  |TAMS 0x0000000711a00000, 0x0000000711a00000| Untracked 
| 106|0x0000000711c00000, 0x0000000711c00000, 0x0000000711e00000|  0%| F|  |TAMS 0x0000000711c00000, 0x0000000711c00000| Untracked 
| 107|0x0000000711e00000, 0x0000000711e00000, 0x0000000712000000|  0%| F|  |TAMS 0x0000000711e00000, 0x0000000711e00000| Untracked 
| 108|0x0000000712000000, 0x0000000712000000, 0x0000000712200000|  0%| F|  |TAMS 0x0000000712000000, 0x0000000712000000| Untracked 
| 109|0x0000000712200000, 0x0000000712200000, 0x0000000712400000|  0%| F|  |TAMS 0x0000000712200000, 0x0000000712200000| Untracked 
| 110|0x0000000712400000, 0x0000000712400000, 0x0000000712600000|  0%| F|  |TAMS 0x0000000712400000, 0x0000000712400000| Untracked 
| 111|0x0000000712600000, 0x0000000712600000, 0x0000000712800000|  0%| F|  |TAMS 0x0000000712600000, 0x0000000712600000| Untracked 
| 112|0x0000000712800000, 0x0000000712800000, 0x0000000712a00000|  0%| F|  |TAMS 0x0000000712800000, 0x0000000712800000| Untracked 
| 113|0x0000000712a00000, 0x0000000712a00000, 0x0000000712c00000|  0%| F|  |TAMS 0x0000000712a00000, 0x0000000712a00000| Untracked 
| 114|0x0000000712c00000, 0x0000000712c00000, 0x0000000712e00000|  0%| F|  |TAMS 0x0000000712c00000, 0x0000000712c00000| Untracked 
| 115|0x0000000712e00000, 0x0000000713000000, 0x0000000713000000|100%| E|  |TAMS 0x0000000712e00000, 0x0000000712e00000| Complete 
| 116|0x0000000713000000, 0x0000000713200000, 0x0000000713200000|100%| E|CS|TAMS 0x0000000713000000, 0x0000000713000000| Complete 
| 117|0x0000000713200000, 0x0000000713400000, 0x0000000713400000|100%| E|CS|TAMS 0x0000000713200000, 0x0000000713200000| Complete 
| 118|0x0000000713400000, 0x0000000713600000, 0x0000000713600000|100%| E|CS|TAMS 0x0000000713400000, 0x0000000713400000| Complete 
| 119|0x0000000713600000, 0x0000000713800000, 0x0000000713800000|100%| E|CS|TAMS 0x0000000713600000, 0x0000000713600000| Complete 
| 120|0x0000000713800000, 0x0000000713a00000, 0x0000000713a00000|100%| E|CS|TAMS 0x0000000713800000, 0x0000000713800000| Complete 
| 121|0x0000000713a00000, 0x0000000713c00000, 0x0000000713c00000|100%| E|CS|TAMS 0x0000000713a00000, 0x0000000713a00000| Complete 
| 122|0x0000000713c00000, 0x0000000713e00000, 0x0000000713e00000|100%| E|CS|TAMS 0x0000000713c00000, 0x0000000713c00000| Complete 
| 123|0x0000000713e00000, 0x0000000714000000, 0x0000000714000000|100%| E|CS|TAMS 0x0000000713e00000, 0x0000000713e00000| Complete 
| 124|0x0000000714000000, 0x0000000714200000, 0x0000000714200000|100%| E|CS|TAMS 0x0000000714000000, 0x0000000714000000| Complete 
| 125|0x0000000714200000, 0x0000000714400000, 0x0000000714400000|100%| E|CS|TAMS 0x0000000714200000, 0x0000000714200000| Complete 

Card table byte_map: [0x0000023a10180000,0x0000023a10960000] _byte_map_base: 0x0000023a0c95c000

Marking Bits (Prev, Next): (CMBitMap*) 0x0000023a78560e80, (CMBitMap*) 0x0000023a78560ec0
 Prev Bits: [0x0000023a11140000, 0x0000023a15020000)
 Next Bits: [0x0000023a15020000, 0x0000023a18f00000)

Polling page: 0x0000023a77cb0000

Metaspace:

Usage:
  Non-class:      6.18 MB used.
      Class:    476.69 KB used.
       Both:      6.64 MB used.

Virtual space:
  Non-class space:       64.00 MB reserved,       6.31 MB ( 10%) committed,  1 nodes.
      Class space:        1.00 GB reserved,     576.00 KB ( <1%) committed,  1 nodes.
             Both:        1.06 GB reserved,       6.88 MB ( <1%) committed. 

Chunk freelists:
   Non-Class:  1.73 MB
       Class:  3.25 MB
        Both:  4.98 MB

MaxMetaspaceSize: unlimited
CompressedClassSpaceSize: 1.00 GB
Initial GC threshold: 21.00 MB
Current GC threshold: 21.00 MB
CDS: on
MetaspaceReclaimPolicy: balanced
 - commit_granule_bytes: 65536.
 - commit_granule_words: 8192.
 - virtual_space_node_default_size: 8388608.
 - enlarge_chunks_in_place: 1.
 - new_chunks_are_fully_committed: 0.
 - uncommit_free_chunks: 1.
 - use_allocation_guard: 0.


Internal statistics:

num_allocs_failed_limit: 0.
num_arena_births: 134.
num_arena_deaths: 0.
num_vsnodes_births: 2.
num_vsnodes_deaths: 0.
num_space_committed: 108.
num_space_uncommitted: 0.
num_chunks_returned_to_freelist: 0.
num_chunks_taken_from_freelist: 237.
num_chunk_merges: 0.
num_chunk_splits: 148.
num_chunks_enlarged: 88.
num_inconsistent_stats: 0.

CodeHeap 'non-profiled nmethods': size=119168Kb used=593Kb max_used=593Kb free=118574Kb
 bounds [0x0000023a07ba0000, 0x0000023a07e10000, 0x0000023a0f000000]
CodeHeap 'profiled nmethods': size=119104Kb used=2568Kb max_used=2568Kb free=116536Kb
 bounds [0x0000023a00750000, 0x0000023a009e0000, 0x0000023a07ba0000]
CodeHeap 'non-nmethods': size=7488Kb used=3341Kb max_used=3370Kb free=4146Kb
 bounds [0x0000023a00000000, 0x0000023a00350000, 0x0000023a00750000]
 total_blobs=2598 nmethods=1511 adapters=997
 compilation: enabled
              stopped_count=0, restarted_count=0
 full_count=0

Compilation events (20 events):
Event: 1.522 Thread 0x0000023a20544f30 nmethod 1502 0x0000023a009cbe90 code [0x0000023a009cc080, 0x0000023a009cc5f8]
Event: 1.522 Thread 0x0000023a204215e0 nmethod 1501 0x0000023a009cc810 code [0x0000023a009cca80, 0x0000023a009cd588]
Event: 1.522 Thread 0x0000023a20544f30 1503       3       java.awt.image.BufferedImage::getWidth (8 bytes)
Event: 1.522 Thread 0x0000023a20544f30 nmethod 1503 0x0000023a009cdb10 code [0x0000023a009cdca0, 0x0000023a009cddd8]
Event: 1.522 Thread 0x0000023a191ea4c0 1504   !   4       java.nio.DirectByteBuffer::put (36 bytes)
Event: 1.523 Thread 0x0000023a191ea4c0 nmethod 1504 0x0000023a07c30310 code [0x0000023a07c30480, 0x0000023a07c30558]
Event: 1.523 Thread 0x0000023a191ea4c0 1505       4       java.awt.image.BufferedImage::getWidth (8 bytes)
Event: 1.523 Thread 0x0000023a191ea4c0 nmethod 1505 0x0000023a07c30690 code [0x0000023a07c30800, 0x0000023a07c30898]
Event: 1.527 Thread 0x0000023a204215e0 1506 %     3       com.jkachele.font.fonts.GameFont::uploadTexture @ 63 (234 bytes)
Event: 1.528 Thread 0x0000023a204215e0 nmethod 1506% 0x0000023a009cde90 code [0x0000023a009ce1e0, 0x0000023a009cf548]
Event: 1.528 Thread 0x0000023a20547850 1507       3       com.jkachele.font.fonts.GameFont::uploadTexture (234 bytes)
Event: 1.529 Thread 0x0000023a20547850 nmethod 1507 0x0000023a009cfd10 code [0x0000023a009d0040, 0x0000023a009d1268]
Event: 1.529 Thread 0x0000023a191ea4c0 1508 %     4       com.jkachele.font.fonts.GameFont::uploadTexture @ 63 (234 bytes)
Event: 1.582 Thread 0x0000023a191ea4c0 nmethod 1508% 0x0000023a07c30990 code [0x0000023a07c30b40, 0x0000023a07c32ef8]
Event: 1.599 Thread 0x0000023a191ea4c0 1509       4       java.lang.StringLatin1::replace (198 bytes)
Event: 1.604 Thread 0x0000023a20547850 1511       3       java.util.jar.JarFile::maybeInstantiateVerifier (42 bytes)
Event: 1.604 Thread 0x0000023a20547850 nmethod 1511 0x0000023a009d1990 code [0x0000023a009d1b60, 0x0000023a009d1ef8]
Event: 1.608 Thread 0x0000023a191ea4c0 nmethod 1509 0x0000023a07c33290 code [0x0000023a07c33440, 0x0000023a07c33988]
Event: 1.608 Thread 0x0000023a191ea4c0 1510       4       java.lang.AbstractStringBuilder::append (45 bytes)
Event: 1.612 Thread 0x0000023a191ea4c0 nmethod 1510 0x0000023a07c33c90 code [0x0000023a07c33e20, 0x0000023a07c343c8]

GC Heap History (0 events):
No events

Deoptimization events (20 events):
Event: 1.337 Thread 0x0000023a20557490 Uncommon trap: trap_request=0xffffffc6 fr.pc=0x0000023a07be14fc relative=0x00000000000002bc
Event: 1.337 Thread 0x0000023a20557490 Uncommon trap: reason=bimorphic_or_optimized_type_check action=maybe_recompile pc=0x0000023a07be14fc method=java.util.concurrent.ConcurrentHashMap.get(Ljava/lang/Object;)Ljava/lang/Object; @ 149 c2
Event: 1.337 Thread 0x0000023a20557490 DEOPT PACKING pc=0x0000023a07be14fc sp=0x000000d79b2fe530
Event: 1.337 Thread 0x0000023a20557490 DEOPT UNPACKING pc=0x0000023a000523a3 sp=0x000000d79b2fe4a0 mode 2
Event: 1.337 Thread 0x0000023a20557490 Uncommon trap: trap_request=0xffffffc6 fr.pc=0x0000023a07be14fc relative=0x00000000000002bc
Event: 1.337 Thread 0x0000023a20557490 Uncommon trap: reason=bimorphic_or_optimized_type_check action=maybe_recompile pc=0x0000023a07be14fc method=java.util.concurrent.ConcurrentHashMap.get(Ljava/lang/Object;)Ljava/lang/Object; @ 149 c2
Event: 1.337 Thread 0x0000023a20557490 DEOPT PACKING pc=0x0000023a07be14fc sp=0x000000d79b2fe530
Event: 1.337 Thread 0x0000023a20557490 DEOPT UNPACKING pc=0x0000023a000523a3 sp=0x000000d79b2fe4a0 mode 2
Event: 1.337 Thread 0x0000023a20557490 Uncommon trap: trap_request=0xffffffc6 fr.pc=0x0000023a07be14fc relative=0x00000000000002bc
Event: 1.337 Thread 0x0000023a20557490 Uncommon trap: reason=bimorphic_or_optimized_type_check action=maybe_recompile pc=0x0000023a07be14fc method=java.util.concurrent.ConcurrentHashMap.get(Ljava/lang/Object;)Ljava/lang/Object; @ 149 c2
Event: 1.337 Thread 0x0000023a20557490 DEOPT PACKING pc=0x0000023a07be14fc sp=0x000000d79b2fe530
Event: 1.337 Thread 0x0000023a20557490 DEOPT UNPACKING pc=0x0000023a000523a3 sp=0x000000d79b2fe4a0 mode 2
Event: 1.424 Thread 0x0000023a20557490 DEOPT PACKING pc=0x0000023a009ca56b sp=0x000000d79b2feef0
Event: 1.424 Thread 0x0000023a20557490 DEOPT UNPACKING pc=0x0000023a00052b43 sp=0x000000d79b2fe430 mode 0
Event: 1.582 Thread 0x0000023a20557490 DEOPT PACKING pc=0x0000023a009cf2fa sp=0x000000d79b2fefa0
Event: 1.582 Thread 0x0000023a20557490 DEOPT UNPACKING pc=0x0000023a00052b43 sp=0x000000d79b2fe508 mode 0
Event: 1.599 Thread 0x0000023a20557490 Uncommon trap: trap_request=0x00000001 fr.pc=0x0000023a07c32de8 relative=0x00000000000022a8
Event: 1.599 Thread 0x0000023a20557490 Uncommon trap: reason=unloaded action=reinterpret pc=0x0000023a07c32de8 method=com.jkachele.font.fonts.GameFont.uploadTexture(Ljava/awt/image/BufferedImage;)V @ 139 c2
Event: 1.602 Thread 0x0000023a20557490 DEOPT PACKING pc=0x0000023a07c32de8 sp=0x000000d79b2fec50
Event: 1.602 Thread 0x0000023a20557490 DEOPT UNPACKING pc=0x0000023a000523a3 sp=0x000000d79b2ff010 mode 2

Classes loaded (20 events):
Event: 1.252 Loading class jdk/internal/icu/text/BidiBase$Point
Event: 1.252 Loading class jdk/internal/icu/text/BidiBase$Point done
Event: 1.252 Loading class jdk/internal/icu/text/UTF16
Event: 1.252 Loading class jdk/internal/icu/text/UTF16 done
Event: 1.252 Loading class sun/font/BidiUtils
Event: 1.252 Loading class sun/font/BidiUtils done
Event: 1.252 Loading class jdk/internal/icu/text/BidiLine
Event: 1.252 Loading class jdk/internal/icu/text/BidiLine done
Event: 1.252 Loading class java/util/DualPivotQuicksort
Event: 1.252 Loading class java/util/DualPivotQuicksort done
Event: 1.600 Loading class sun/awt/AppContext
Event: 1.600 Loading class sun/awt/AppContext done
Event: 1.600 Loading class sun/awt/AppContext$GetAppContextLock
Event: 1.600 Loading class sun/awt/AppContext$GetAppContextLock done
Event: 1.600 Loading class sun/awt/AppContext$6
Event: 1.600 Loading class jdk/internal/access/JavaAWTAccess
Event: 1.600 Loading class jdk/internal/access/JavaAWTAccess done
Event: 1.600 Loading class sun/awt/AppContext$6 done
Event: 1.600 Loading class java/util/IdentityHashMap$ValueIterator
Event: 1.600 Loading class java/util/IdentityHashMap$ValueIterator done

Classes unloaded (0 events):
No events

Classes redefined (0 events):
No events

Internal exceptions (20 events):
Event: 0.162 Thread 0x0000023a20557490 Exception <a 'sun/nio/fs/WindowsException'{0x0000000713ee5748}> (0x0000000713ee5748) 
thrown [s\open\src\hotspot\share\prims\jni.cpp, line 516]
Event: 0.171 Thread 0x0000023a20557490 Exception <a 'java/lang/NoSuchMethodError'{0x0000000713f178f0}: 'int java.lang.invoke.DirectMethodHandle$Holder.invokeStaticInit(java.lang.Object, java.lang.Object, int, long)'> (0x0000000713f178f0) 
thrown [s\open\src\hotspot\share\interpreter\linkResolver.cpp, line 759]
Event: 0.171 Thread 0x0000023a20557490 Exception <a 'java/lang/NoSuchMethodError'{0x0000000713f1d1b8}: 'java.lang.Object java.lang.invoke.DirectMethodHandle$Holder.newInvokeSpecial(java.lang.Object, java.lang.Object, int)'> (0x0000000713f1d1b8) 
thrown [s\open\src\hotspot\share\interpreter\linkResolver.cpp, line 759]
Event: 0.173 Thread 0x0000023a20557490 Exception <a 'java/lang/NoSuchMethodError'{0x0000000713f2c680}: 'int java.lang.invoke.DirectMethodHandle$Holder.invokeStaticInit(java.lang.Object, java.lang.Object, long, long)'> (0x0000000713f2c680) 
thrown [s\open\src\hotspot\share\interpreter\linkResolver.cpp, line 759]
Event: 0.175 Thread 0x0000023a20557490 Exception <a 'java/lang/NoSuchMethodError'{0x0000000713f32408}: 'java.lang.Object java.lang.invoke.DirectMethodHandle$Holder.newInvokeSpecial(java.lang.Object, java.lang.Object, long)'> (0x0000000713f32408) 
thrown [s\open\src\hotspot\share\interpreter\linkResolver.cpp, line 759]
Event: 0.176 Thread 0x0000023a20557490 Exception <a 'java/lang/NoSuchMethodError'{0x0000000713f35cd8}: 'java.lang.Object java.lang.invoke.Invokers$Holder.linkToTargetMethod(java.lang.Object, long, java.lang.Object)'> (0x0000000713f35cd8) 
thrown [s\open\src\hotspot\share\interpreter\linkResolver.cpp, line 759]
Event: 0.178 Thread 0x0000023a20557490 Exception <a 'java/lang/NoSuchMethodError'{0x0000000713f3d150}: 'int java.lang.invoke.DirectMethodHandle$Holder.invokeStaticInit(java.lang.Object, java.lang.Object, java.lang.Object, long)'> (0x0000000713f3d150) 
thrown [s\open\src\hotspot\share\interpreter\linkResolver.cpp, line 759]
Event: 0.204 Thread 0x0000023a20557490 Exception <a 'sun/nio/fs/WindowsException'{0x0000000713fe7120}> (0x0000000713fe7120) 
thrown [s\open\src\hotspot\share\prims\jni.cpp, line 516]
Event: 0.205 Thread 0x0000023a20557490 Exception <a 'sun/nio/fs/WindowsException'{0x0000000713fe7480}> (0x0000000713fe7480) 
thrown [s\open\src\hotspot\share\prims\jni.cpp, line 516]
Event: 0.211 Thread 0x0000023a20557490 Exception <a 'java/lang/NoSuchMethodError'{0x0000000713ffd990}: 'int java.lang.invoke.Invokers$Holder.invokeExact_MT(java.lang.Object, java.lang.Object)'> (0x0000000713ffd990) 
thrown [s\open\src\hotspot\share\interpreter\linkResolver.cpp, line 759]
Event: 0.324 Thread 0x0000023a20557490 Exception <a 'java/lang/NoSuchMethodError'{0x0000000713c58ae8}: 'void java.lang.invoke.DirectMethodHandle$Holder.invokeStatic(java.lang.Object, long, int, int)'> (0x0000000713c58ae8) 
thrown [s\open\src\hotspot\share\interpreter\linkResolver.cpp, line 759]
Event: 0.417 Thread 0x0000023a20557490 Exception <a 'java/lang/NoSuchMethodError'{0x0000000713c89268}: 'void java.lang.System.load(java.lang.String, java.lang.Class)'> (0x0000000713c89268) 
thrown [s\open\src\hotspot\share\interpreter\linkResolver.cpp, line 759]
Event: 0.418 Thread 0x0000023a20557490 Exception <a 'java/lang/NoSuchMethodError'{0x0000000713c8c0f8}: 'void java.lang.System.loadLibrary(java.lang.String, java.lang.Class)'> (0x0000000713c8c0f8) 
thrown [s\open\src\hotspot\share\interpreter\linkResolver.cpp, line 759]
Event: 0.426 Thread 0x0000023a20557490 Exception <a 'sun/nio/fs/WindowsException'{0x0000000713c9bf08}> (0x0000000713c9bf08) 
thrown [s\open\src\hotspot\share\prims\jni.cpp, line 516]
Event: 0.426 Thread 0x0000023a20557490 Exception <a 'sun/nio/fs/WindowsException'{0x0000000713c9c2b0}> (0x0000000713c9c2b0) 
thrown [s\open\src\hotspot\share\prims\jni.cpp, line 516]
Event: 0.430 Thread 0x0000023a20557490 Exception <a 'sun/nio/fs/WindowsException'{0x0000000713ca1ed0}> (0x0000000713ca1ed0) 
thrown [s\open\src\hotspot\share\prims\jni.cpp, line 516]
Event: 0.430 Thread 0x0000023a20557490 Exception <a 'sun/nio/fs/WindowsException'{0x0000000713ca21b0}> (0x0000000713ca21b0) 
thrown [s\open\src\hotspot\share\prims\jni.cpp, line 516]
Event: 0.483 Thread 0x0000023a20557490 Exception <a 'java/lang/ClassNotFoundException'{0x0000000713d978a0}: sun/awt/resources/spi/awtProvider> (0x0000000713d978a0) 
thrown [s\open\src\hotspot\share\classfile\systemDictionary.cpp, line 255]
Event: 0.501 Thread 0x0000023a20557490 Exception <a 'java/io/FileNotFoundException'{0x0000000713a0f250}> (0x0000000713a0f250) 
thrown [s\open\src\hotspot\share\prims\jni.cpp, line 516]
Event: 0.508 Thread 0x0000023a20557490 Exception <a 'java/io/FileNotFoundException'{0x0000000713a3c1b0}> (0x0000000713a3c1b0) 
thrown [s\open\src\hotspot\share\prims\jni.cpp, line 516]

VM Operations (10 events):
Event: 0.069 Executing VM operation: HandshakeAllThreads
Event: 0.069 Executing VM operation: HandshakeAllThreads done
Event: 0.155 Executing VM operation: HandshakeAllThreads
Event: 0.155 Executing VM operation: HandshakeAllThreads done
Event: 0.543 Executing VM operation: HandshakeAllThreads
Event: 0.543 Executing VM operation: HandshakeAllThreads done
Event: 0.619 Executing VM operation: HandshakeAllThreads
Event: 0.619 Executing VM operation: HandshakeAllThreads done
Event: 0.845 Executing VM operation: ICBufferFull
Event: 0.846 Executing VM operation: ICBufferFull done

Events (20 events):
Event: 0.427 Loaded shared library C:\Users\justi\AppData\Local\Temp\lwjgljusti\3.3.1-build-7\lwjgl_opengl.dll
Event: 0.458 Thread 0x0000023a20f54d10 Thread added: 0x0000023a20f54d10
Event: 0.460 Thread 0x0000023a20f6ca30 Thread added: 0x0000023a20f6ca30
Event: 0.492 Loaded shared library C:\Program Files\Java\jdk-18.0.2.1\bin\awt.dll
Event: 0.541 Thread 0x0000023a20f96930 Thread added: 0x0000023a20f96930
Event: 0.562 Loaded shared library C:\Program Files\Java\jdk-18.0.2.1\bin\freetype.dll
Event: 0.563 Loaded shared library C:\Program Files\Java\jdk-18.0.2.1\bin\fontmanager.dll
Event: 0.586 Thread 0x0000023a298c6cc0 Thread added: 0x0000023a298c6cc0
Event: 0.589 Thread 0x0000023a298ca450 Thread added: 0x0000023a298ca450
Event: 0.827 Thread 0x0000023a29ec2550 Thread added: 0x0000023a29ec2550
Event: 1.013 Thread 0x0000023a2a668750 Thread added: 0x0000023a2a668750
Event: 1.057 Loaded shared library C:\Program Files\Java\jdk-18.0.2.1\bin\verify.dll
Event: 1.315 Thread 0x0000023a2a668750 Thread exited: 0x0000023a2a668750
Event: 1.315 Thread 0x0000023a29ec2550 Thread exited: 0x0000023a29ec2550
Event: 1.340 Thread 0x0000023a20f6ca30 Thread exited: 0x0000023a20f6ca30
Event: 1.405 Thread 0x0000023a2a775250 Thread added: 0x0000023a2a775250
Event: 1.405 Thread 0x0000023a2a778f10 Thread added: 0x0000023a2a778f10
Event: 1.521 Thread 0x0000023a2a778f10 Thread exited: 0x0000023a2a778f10
Event: 1.521 Thread 0x0000023a2a775250 Thread exited: 0x0000023a2a775250
Event: 1.601 Thread 0x0000023a298c6cc0 Thread exited: 0x0000023a298c6cc0


Dynamic libraries:
0x00007ff768580000 - 0x00007ff768590000 	C:\Program Files\Java\jdk-18.0.2.1\bin\java.exe
0x00007ffba9df0000 - 0x00007ffbaa004000 	C:\windows\SYSTEM32\ntdll.dll
0x00007ffba8990000 - 0x00007ffba8a52000 	C:\windows\System32\KERNEL32.DLL
0x00007ffba74b0000 - 0x00007ffba784c000 	C:\windows\System32\KERNELBASE.dll
0x00007ffba7a10000 - 0x00007ffba7b21000 	C:\windows\System32\ucrtbase.dll
0x00007ffb86e20000 - 0x00007ffb86e3a000 	C:\Program Files\Java\jdk-18.0.2.1\bin\VCRUNTIME140.dll
0x00007ffb86e00000 - 0x00007ffb86e18000 	C:\Program Files\Java\jdk-18.0.2.1\bin\jli.dll
0x00007ffba9000000 - 0x00007ffba90ae000 	C:\windows\System32\ADVAPI32.dll
0x00007ffba92d0000 - 0x00007ffba9377000 	C:\windows\System32\msvcrt.dll
0x00007ffba8c60000 - 0x00007ffba8d04000 	C:\windows\System32\sechost.dll
0x00007ffba9660000 - 0x00007ffba9775000 	C:\windows\System32\RPCRT4.dll
0x00007ffba9c00000 - 0x00007ffba9daa000 	C:\windows\System32\USER32.dll
0x00007ffba79e0000 - 0x00007ffba7a06000 	C:\windows\System32\win32u.dll
0x00007ffba6480000 - 0x00007ffba670e000 	C:\windows\WinSxS\amd64_microsoft.windows.common-controls_6595b64144ccf1df_6.0.22621.608_none_a9444ca7c10bb01d\COMCTL32.dll
0x00007ffba9630000 - 0x00007ffba9659000 	C:\windows\System32\GDI32.dll
0x00007ffba7850000 - 0x00007ffba7962000 	C:\windows\System32\gdi32full.dll
0x00007ffba7390000 - 0x00007ffba742a000 	C:\windows\System32\msvcp_win.dll
0x00007ffb9a070000 - 0x00007ffb9a07a000 	C:\windows\SYSTEM32\VERSION.dll
0x00007ffba8d30000 - 0x00007ffba8d61000 	C:\windows\System32\IMM32.DLL
0x00007ffb8b5d0000 - 0x00007ffb8b5dc000 	C:\Program Files\Java\jdk-18.0.2.1\bin\vcruntime140_1.dll
0x00007ffb78470000 - 0x00007ffb784fd000 	C:\Program Files\Java\jdk-18.0.2.1\bin\msvcp140.dll
0x00007ffb20d20000 - 0x00007ffb21931000 	C:\Program Files\Java\jdk-18.0.2.1\bin\server\jvm.dll
0x00007ffba8450000 - 0x00007ffba8458000 	C:\windows\System32\PSAPI.DLL
0x00007ffb9d6d0000 - 0x00007ffb9d704000 	C:\windows\SYSTEM32\WINMM.dll
0x00007ffb869c0000 - 0x00007ffb869c9000 	C:\windows\SYSTEM32\WSOCK32.dll
0x00007ffba8580000 - 0x00007ffba85f1000 	C:\windows\System32\WS2_32.dll
0x00007ffba5ac0000 - 0x00007ffba5ad8000 	C:\windows\SYSTEM32\kernel.appcore.dll
0x00007ffb8b560000 - 0x00007ffb8b56a000 	C:\Program Files\Java\jdk-18.0.2.1\bin\jimage.dll
0x00007ffba6ba0000 - 0x00007ffba6dce000 	C:\windows\SYSTEM32\DBGHELP.DLL
0x00007ffba8600000 - 0x00007ffba8989000 	C:\windows\System32\combase.dll
0x00007ffba8b80000 - 0x00007ffba8c57000 	C:\windows\System32\OLEAUT32.dll
0x00007ffba69f0000 - 0x00007ffba6a22000 	C:\windows\SYSTEM32\dbgcore.DLL
0x00007ffba7430000 - 0x00007ffba74ab000 	C:\windows\System32\bcryptPrimitives.dll
0x00007ffb86ae0000 - 0x00007ffb86b05000 	C:\Program Files\Java\jdk-18.0.2.1\bin\java.dll
0x00007ffb73410000 - 0x00007ffb734e6000 	C:\Program Files\Java\jdk-18.0.2.1\bin\jsvml.dll
0x00007ffba7c00000 - 0x00007ffba83dd000 	C:\windows\System32\SHELL32.dll
0x00007ffba49e0000 - 0x00007ffba5297000 	C:\windows\SYSTEM32\windows.storage.dll
0x00007ffba48a0000 - 0x00007ffba49dd000 	C:\windows\SYSTEM32\wintypes.dll
0x00007ffba8f00000 - 0x00007ffba8ff1000 	C:\windows\System32\SHCORE.dll
0x00007ffba8de0000 - 0x00007ffba8e3e000 	C:\windows\System32\shlwapi.dll
0x00007ffba7150000 - 0x00007ffba7171000 	C:\windows\SYSTEM32\profapi.dll
0x00007ffb86b20000 - 0x00007ffb86b33000 	C:\Program Files\Java\jdk-18.0.2.1\bin\net.dll
0x00007ffba05d0000 - 0x00007ffba06ff000 	C:\windows\SYSTEM32\WINHTTP.dll
0x00007ffba6030000 - 0x00007ffba6099000 	C:\windows\system32\mswsock.dll
0x00007ffb86ac0000 - 0x00007ffb86ad6000 	C:\Program Files\Java\jdk-18.0.2.1\bin\nio.dll
0x00007ffb86aa0000 - 0x00007ffb86ab8000 	C:\Program Files\Java\jdk-18.0.2.1\bin\zip.dll
0x00007ffb783f0000 - 0x00007ffb78465000 	C:\Users\justi\AppData\Local\Temp\lwjgljusti\3.3.1-build-7\lwjgl.dll
0x00007ffb772b0000 - 0x00007ffb77311000 	C:\Users\justi\AppData\Local\Temp\lwjgljusti\3.3.1-build-7\glfw.dll
0x00007ffb76cc0000 - 0x00007ffb76d06000 	C:\windows\SYSTEM32\dinput8.dll
0x00007ffb82740000 - 0x00007ffb82751000 	C:\windows\SYSTEM32\xinput1_4.dll
0x00007ffba6ee0000 - 0x00007ffba6f0c000 	C:\windows\SYSTEM32\DEVOBJ.dll
0x00007ffba6f10000 - 0x00007ffba6f5f000 	C:\windows\SYSTEM32\cfgmgr32.dll
0x00007ffba3af0000 - 0x00007ffba3b1b000 	C:\windows\SYSTEM32\dwmapi.dll
0x00007ffb89cc0000 - 0x00007ffb89ec1000 	C:\windows\SYSTEM32\inputhost.dll
0x00007ffba32b0000 - 0x00007ffba33e3000 	C:\windows\SYSTEM32\CoreMessaging.dll
0x00007ffba36b0000 - 0x00007ffba375b000 	C:\windows\system32\uxtheme.dll
0x00007ffba8a60000 - 0x00007ffba8b7e000 	C:\windows\System32\MSCTF.dll
0x00007ffba6380000 - 0x00007ffba638c000 	C:\windows\SYSTEM32\CRYPTBASE.DLL
0x00007ffb4a130000 - 0x00007ffb4a230000 	C:\windows\SYSTEM32\opengl32.dll
0x00007ffb776d0000 - 0x00007ffb776fd000 	C:\windows\SYSTEM32\GLU32.dll
0x00007ffba3de0000 - 0x00007ffba3e16000 	C:\windows\SYSTEM32\dxcore.dll
0x00007ffba00c0000 - 0x00007ffba0109000 	C:\windows\SYSTEM32\directxdatabasehelper.dll
0x00007ffba8e40000 - 0x00007ffba8ef7000 	C:\windows\System32\clbcatq.dll
0x00007ffb1d480000 - 0x00007ffb1e52e000 	C:\windows\System32\DriverStore\FileRepository\iigd_dch.inf_amd64_b9f9065242070baa\igxelpicd64.dll
0x00007ffba90b0000 - 0x00007ffba924c000 	C:\windows\System32\ole32.dll
0x00007ffba39e0000 - 0x00007ffba3ad7000 	C:\windows\system32\dxgi.dll
0x00007ffb73060000 - 0x00007ffb73184000 	C:\windows\System32\DriverStore\FileRepository\iigd_dch.inf_amd64_b9f9065242070baa\igdml64.dll
0x00007ffb99c40000 - 0x00007ffb9a04c000 	C:\windows\System32\DriverStore\FileRepository\iigd_dch.inf_amd64_b9f9065242070baa\igdgmm64.dll
0x00007ffba7970000 - 0x00007ffba79d9000 	C:\windows\System32\WINTRUST.dll
0x00007ffba7220000 - 0x00007ffba7386000 	C:\windows\System32\CRYPT32.dll
0x00007ffba6ac0000 - 0x00007ffba6ad2000 	C:\windows\SYSTEM32\MSASN1.dll
0x00007ffb963d0000 - 0x00007ffb99b7f000 	C:\windows\System32\DriverStore\FileRepository\iigd_dch.inf_amd64_b9f9065242070baa\igc64.dll
0x00007ffba6b50000 - 0x00007ffba6b9d000 	C:\windows\SYSTEM32\powrprof.dll
0x00007ffba69d0000 - 0x00007ffba69e3000 	C:\windows\SYSTEM32\UMPDC.dll
0x00007ffb8b350000 - 0x00007ffb8b47d000 	C:\windows\SYSTEM32\textinputframework.dll
0x00007ffb9f4c0000 - 0x00007ffb9f82c000 	C:\windows\SYSTEM32\CoreUIComponents.dll
0x00007ffb75a20000 - 0x00007ffb75a7d000 	C:\Users\justi\AppData\Local\Temp\lwjgljusti\3.3.1-build-7\lwjgl_opengl.dll
0x00007ffb70700000 - 0x00007ffb7088f000 	C:\Program Files\Java\jdk-18.0.2.1\bin\awt.dll
0x00007ffba35a0000 - 0x00007ffba3637000 	C:\windows\SYSTEM32\apphelp.dll
0x00007ffb71800000 - 0x00007ffb71886000 	C:\Program Files\Java\jdk-18.0.2.1\bin\freetype.dll
0x00007ffb71550000 - 0x00007ffb715f8000 	C:\Program Files\Java\jdk-18.0.2.1\bin\fontmanager.dll
0x00007ffb89b70000 - 0x00007ffb89b80000 	C:\Program Files\Java\jdk-18.0.2.1\bin\verify.dll

dbghelp: loaded successfully - version: 4.0.5 - missing functions: none
symbol engine: initialized successfully - sym options: 0x614 - pdb path: .;C:\Program Files\Java\jdk-18.0.2.1\bin;C:\windows\SYSTEM32;C:\windows\WinSxS\amd64_microsoft.windows.common-controls_6595b64144ccf1df_6.0.22621.608_none_a9444ca7c10bb01d;C:\Program Files\Java\jdk-18.0.2.1\bin\server;C:\Users\justi\AppData\Local\Temp\lwjgljusti\3.3.1-build-7;C:\windows\System32\DriverStore\FileRepository\iigd_dch.inf_amd64_b9f9065242070baa

VM Arguments:
jvm_args: -Dfile.encoding=windows-1252 -Duser.country=US -Duser.language=en -Duser.variant 
java_command: com.jkachele.font.Main
java_class_path (initial): C:\IntelijProjects\OpenGL-Font-Rendering\build\classes\java\main;C:\IntelijProjects\OpenGL-Font-Rendering\build\resources\main;C:\Users\justi\.gradle\caches\modules-2\files-2.1\org.lwjgl\lwjgl-assimp\3.3.1\312072f451794f25670aebb0160ce6ec88aff842\lwjgl-assimp-3.3.1.jar;C:\Users\justi\.gradle\caches\modules-2\files-2.1\org.lwjgl\lwjgl-assimp\3.3.1\bfa2a0d57acbf952b716d0ad8a3acbd7ad9f5639\lwjgl-assimp-3.3.1-natives-windows.jar;C:\Users\justi\.gradle\caches\modules-2\files-2.1\org.lwjgl\lwjgl-glfw\3.3.1\cbac1b8d30cb4795149c1ef540f912671a8616d0\lwjgl-glfw-3.3.1.jar;C:\Users\justi\.gradle\caches\modules-2\files-2.1\org.lwjgl\lwjgl-glfw\3.3.1\ed892f945cf7e79c8756796f32d00fa4ceaf573b\lwjgl-glfw-3.3.1-natives-windows.jar;C:\Users\justi\.gradle\caches\modules-2\files-2.1\org.lwjgl\lwjgl-openal\3.3.1\2623a6b8ae1dfcd880738656a9f0243d2e6840bd\lwjgl-openal-3.3.1.jar;C:\Users\justi\.gradle\caches\modules-2\files-2.1\org.lwjgl\lwjgl-openal\3.3.1\30a474d0e57193d7bc128849a3ab66bc9316fdb1\lwjgl-openal-3.3.1-natives-windows.jar;C:\Users\justi\.gradle\caches\modules-2\files-2.1\org.lwjgl\lwjgl-opengl\3.3.1\831a5533a21a5f4f81bbc51bb13e9899319b5411\lwjgl-opengl-3.3.1.jar;C:\Users\justi\.gradle\caches\modules-2\files-2.1\org.lwjgl\lwjgl-opengl\3.3.1\c1807e9bd571402787d7e37e3029776ae2513bb8\lwjgl-opengl-3.3.1-natives-windows.jar;C:\Users\justi\.gradle\caches\modules-2\files-2.1\org.lwjgl\lwjgl-stb\3.3.1\b119297cf8ed01f247abe8685857f8e7fcf5980f\lwjgl-stb-3.3.1.jar;C:\Users\justi\.gradle\caches\modules-2\files-2.1\org.lwjgl\lwjgl-stb\3.3.1\86315914ac119efdb02dc9e8e978ade84f1702af\lwjgl-stb-3.3.1-natives-windows.jar;C:\Users\justi\.gradle\caches\modules-2\files-2.1\org.lwjgl\lwjgl\3.3.1\ae58664f88e18a9bb2c77b063833ca7aaec484cb\lwjgl-3.3.1.jar;C:\Users\justi\.gradle\caches\modules-2\files-2.1\org.lwjgl\lwjgl\3.3.1\36c37f16ab611b3aa11f3bcf80b1d509b4ce6b\lwjgl-3.3.1-natives-windows.jar;C:\Users\justi\.gradle\caches\modules-2\files-2.1\org.joml\joml\1.10.5\22566d58af70ad3d72308bab63b8339906deb649\joml-1.10.5.jar
Launcher Type: SUN_STANDARD

[Global flags]
     intx CICompilerCount                          = 12                                        {product} {ergonomic}
     uint ConcGCThreads                            = 4                                         {product} {ergonomic}
     uint G1ConcRefinementThreads                  = 15                                        {product} {ergonomic}
   size_t G1HeapRegionSize                         = 2097152                                   {product} {ergonomic}
    uintx GCDrainStackTargetSize                   = 64                                        {product} {ergonomic}
   size_t InitialHeapSize                          = 264241152                                 {product} {ergonomic}
   size_t MarkStackSize                            = 4194304                                   {product} {ergonomic}
   size_t MaxHeapSize                              = 4219469824                                {product} {ergonomic}
   size_t MaxNewSize                               = 2531262464                                {product} {ergonomic}
   size_t MinHeapDeltaBytes                        = 2097152                                   {product} {ergonomic}
   size_t MinHeapSize                              = 8388608                                   {product} {ergonomic}
    uintx NonNMethodCodeHeapSize                   = 7602480                                {pd product} {ergonomic}
    uintx NonProfiledCodeHeapSize                  = 122027880                              {pd product} {ergonomic}
    uintx ProfiledCodeHeapSize                     = 122027880                              {pd product} {ergonomic}
    uintx ReservedCodeCacheSize                    = 251658240                              {pd product} {ergonomic}
     bool SegmentedCodeCache                       = true                                      {product} {ergonomic}
   size_t SoftMaxHeapSize                          = 4219469824                             {manageable} {ergonomic}
     bool UseCompressedClassPointers               = true                           {product lp64_product} {ergonomic}
     bool UseCompressedOops                        = true                           {product lp64_product} {ergonomic}
     bool UseG1GC                                  = true                                      {product} {ergonomic}
     bool UseLargePagesIndividualAllocation        = false                                  {pd product} {ergonomic}

Logging:
Log output configuration:
 #0: stdout all=warning uptime,level,tags foldmultilines=false
 #1: stderr all=off uptime,level,tags foldmultilines=false

Environment Variables:
PATH=C:\Program Files (x86)\NVIDIA Corporation\PhysX\Common;C:\Program Files\Common Files\Oracle\Java\javapath;C:\windows\system32;C:\windows;C:\windows\System32\Wbem;C:\windows\System32\WindowsPowerShell\v1.0\;C:\windows\System32\OpenSSH\;C:\Program Files\Git\cmd;C:\Program Files\PuTTY\;C:\Program Files (x86)\Windows Kits\8.1\Windows Performance Toolkit\;C:\Program Files\MATLAB\R2022b\bin;C:\Users\justi\AppData\Local\Microsoft\WindowsApps;C:\Users\justi\AppData\Local\JetBrains\Toolbox\scripts;;C:\Users\justi\AppData\Local\Programs\Microsoft VS Code\bin
USERNAME=justi
OS=Windows_NT
PROCESSOR_IDENTIFIER=Intel64 Family 6 Model 154 Stepping 3, GenuineIntel



---------------  S Y S T E M  ---------------

OS:
 Windows 11 , 64 bit Build 22621 (10.0.22621.608)
OS uptime: 5 days 19:20 hours
Hyper-V role detected

CPU: total 20 (initial active 20) (10 cores per cpu, 2 threads per core) family 6 model 154 stepping 3 microcode 0x423, cx8, cmov, fxsr, ht, mmx, 3dnowpref, sse, sse2, sse3, ssse3, sse4.1, sse4.2, popcnt, lzcnt, tsc, tscinvbit, avx, avx2, aes, erms, clmul, bmi1, bmi2, adx, sha, fma, vzeroupper, clflush, clflushopt, clwb, hv, serialize

Memory: 4k page, system-wide physical 16095M (4801M free)
TotalPageFile size 18527M (AvailPageFile size 2034M)
current process WorkingSet (physical memory assigned to process): 316M, peak: 316M
current process commit charge ("private bytes"): 526M, peak: 526M

vm_info: Java HotSpot(TM) 64-Bit Server VM (18.0.2.1+1-1) for windows-amd64 JRE (18.0.2.1+1-1), built on Aug 16 2022 01:46:33 by "mach5one" with MS VC++ 16.8 / 16.9 (VS2019)

END.
